Tempos de Execução (1200, 200, 256):
----------------------------------------
Tempo total: 837.911 ms
Tempo no kernel GPU: 693.711 ms
Tempo sequencial CPU: 144.200 ms
----------------------------------------
0.06423 0.14038 0.70927
0.28656 0.86213 0.13581
0.66411 0.59991 0.99480
-59.42093 -52.78266 0.13771
0.56744 0.47985 0.65183
0.66830 0.67229 0.06739
0.76906 0.06573 0.33474
0.12296 0.53584 0.01372
0.16937 0.15019 0.81111
0.88004 0.26018 0.25092
0.14182 0.25773 0.63348
0.74876 0.04840 0.31549
0.56298 0.61915 0.21622
0.31136 0.55683 0.01730
0.13260 0.49278 0.06882
0.81942 0.78167 0.50260
0.09162 0.67223 0.50966
0.84230 0.93932 0.87759
0.16257 0.17483 0.72386
0.50462 0.61785 0.30589
0.59668 0.05290 0.44439
0.25667 0.75627 0.40186
0.28515 0.71722 0.34250
0.64502 0.10069 0.30593
0.66624 0.51102 0.32331
0.36924 0.78071 0.36187
0.94770 0.04734 0.33400
0.36294 0.09487 0.43065
0.66154 0.11426 0.01725
-1.51461 0.19078 0.99773
0.48216 0.31169 0.36333
0.41204 0.96321 0.25046
0.97461 0.03858 0.38376
0.46700 0.51503 0.93021
0.04643 0.60067 0.32789
0.45362 0.94498 0.33115
0.95282 0.93552 0.03680
0.15426 0.77962 0.34207
0.95863 0.46108 0.75349
0.75363 0.93288 0.91890
0.39194 0.29406 0.45545
0.97031 0.77937 0.15511
0.07008 0.65453 0.07699
0.28898 0.11275 0.79846
0.46143 0.91037 0.69729
0.72131 0.98340 0.43996
-4.60503 -3.10381 0.41014
1.16998 0.89959 0.51357
0.71529 0.82059 0.26458
0.36278 0.78027 0.73328
0.13921 0.39381 0.47208
0.68678 0.96789 0.56361
0.82989 0.37355 0.25289
0.34865 0.26880 0.45128
0.73226 0.70803 0.42663
0.80951 0.18765 0.67484
0.23041 0.72830 0.71774
0.85504 0.05666 0.93488
0.62069 0.64228 0.62136
0.66477 0.62319 0.18695
0.27573 0.92511 0.41946
0.95126 0.69425 0.05659
0.71530 0.60961 0.18769
0.08952 0.62014 0.54329
0.10688 0.03459 0.85953
0.25124 0.03285 0.33360
0.31143 0.22364 0.13840
0.83131 0.96308 0.70041
0.43398 0.27014 0.81981
0.03255 0.51492 0.64849
0.36023 0.31830 0.44098
0.65869 0.83508 0.35446
0.30570 0.45723 0.59889
0.80411 0.45552 0.14082
0.63757 0.81008 0.43936
0.39863 0.57008 0.21208
0.35846 0.31236 0.16730
0.86904 0.13250 0.94432
0.09216 0.61635 0.16570
0.79516 0.63774 0.44989
0.66250 0.19329 0.03085
0.27116 0.94790 0.76367
0.33258 0.18123 0.53153
0.29830 -0.16033 0.36383
0.66425 0.51731 0.73356
0.54617 0.08366 0.15968
0.08253 0.68047 0.81733
0.48501 0.30385 0.90577
0.58615 0.76956 0.01570
0.09972 0.71861 0.64287
0.81216 0.46921 0.94133
0.70290 0.09866 0.96883
0.62460 0.34637 0.04190
0.44953 0.11261 0.72356
0.97381 0.72297 0.45976
0.10259 0.01707 0.42672
0.13229 0.60065 0.26685
0.26052 0.78718 0.97875
0.03595 0.80959 0.88615
0.54481 0.63445 0.65640
0.07489 0.67016 0.24034
0.27750 0.54316 0.04590
0.51079 0.74367 0.93370
0.46323 0.16010 0.70331
0.49373 0.07862 0.24938
0.06101 0.64798 0.35806
0.10925 0.59929 0.34954
0.55508 0.10341 0.58577
0.82951 0.80123 0.51281
0.83917 0.55416 0.06792
357.16849 -59.82875 0.60720
0.00273 0.61800 0.01159
0.53008 0.83572 0.34200
0.68427 0.92535 0.43543
0.49766 0.55823 0.97499
0.70961 0.81912 0.70403
1.31565 31.90490 0.47236
0.41820 0.08806 0.96451
0.72688 0.73543 0.86461
0.68410 0.64842 0.41096
0.42725 0.26027 0.98571
19.97476 17.60558 0.08748
0.73526 0.27788 0.97894
0.49184 0.50839 0.59656
0.78098 0.49511 0.96576
0.19009 0.87829 0.09258
0.92586 0.32278 0.54404
0.57545 0.36061 0.56273
0.51025 0.21292 0.06695
0.77590 0.86774 0.28958
0.46178 0.42385 0.51293
0.43311 0.24520 0.23583
0.55125 0.28784 0.41378
0.40899 0.63635 0.29430
0.98596 0.08932 0.47574
0.45412 0.43970 0.93107
0.64115 0.34824 0.58797
0.95502 0.99378 0.31751
0.47902 0.97723 0.07278
0.95744 0.64765 0.11816
0.65397 0.32401 0.49488
0.34240 0.64388 0.18879
0.31001 0.14976 0.20325
0.17593 0.78733 0.27734
0.48920 0.54912 0.85598
0.17969 0.04451 0.03835
0.36528 0.91499 0.67984
0.65404 0.41462 0.61241
0.48488 0.31190 0.34715
0.23689 0.10868 0.03029
0.35886 0.86111 0.09339
0.81237 0.71162 0.53679
0.38634 0.75262 0.60066
0.44462 0.24025 0.55356
0.67429 0.34276 0.57312
0.17082 0.54658 0.07338
0.36298 0.43052 0.19028
0.18793 0.97058 0.59928
0.79928 0.02920 0.34236
0.15571 0.18004 0.31508
0.05283 0.38835 0.64941
0.88255 0.48099 0.39116
0.51293 0.88689 0.21937
0.12913 0.70337 0.42681
0.43197 1.03338 0.90241
0.45720 0.17787 0.11583
0.10093 0.01781 0.28641
0.38333 0.39241 0.50649
0.86320 0.02510 0.71497
0.23464 0.28517 0.88508
0.52243 0.72027 0.26216
0.81462 0.77256 0.10988
0.83601 0.25331 0.93709
0.47021 0.80700 0.93131
0.11346 0.50590 0.04472
0.50736 0.22617 0.93645
0.45032 0.77841 0.91796
0.84651 0.38225 0.87437
0.68763 0.48066 0.29801
0.03959 0.87213 0.65997
0.57188 0.14861 0.68291
0.92896 0.25071 0.05328
0.07052 0.94083 0.15574
0.72634 0.37894 0.51721
0.13315 0.62904 0.78738
0.43730 0.75812 0.53296
0.30036 0.87505 0.16713
0.73325 0.64944 0.51687
0.63492 0.50617 0.52232
0.98201 0.58367 0.84253
0.94848 0.20537 0.78835
0.60791 0.10233 0.45428
0.32530 0.01221 0.04866
0.03228 0.12225 0.97608
0.22390 0.76034 0.09906
0.66795 0.70631 0.92196
0.02515 0.18949 0.33206
0.84646 0.83282 0.31561
0.89867 0.46412 0.82822
0.20261 0.84854 0.27392
0.34360 0.73555 0.25702
0.83902 0.35786 0.96587
0.33919 0.77433 0.21719
0.75557 0.21677 0.31858
0.41736 0.16650 0.04789
0.87777 0.72581 0.51888
0.71736 0.05982 0.01289
0.99328 0.04752 0.40802
0.29827 0.71280 0.97100
0.25492 0.59854 0.38658
0.47876 0.72128 0.16551
0.40529 0.53638 0.72773
0.11907 0.65942 0.28411
0.47388 0.40201 0.83301
0.34094 0.67555 0.76216
0.42349 0.79338 0.63911
0.69589 0.41320 0.97925
0.43807 0.45414 0.33554
0.80845 0.15323 0.48282
0.30987 0.37264 0.91444
0.88950 0.82601 0.50733
0.43767 0.55365 0.20796
0.38230 0.07547 0.53983
0.12346 0.90413 0.86787
0.05718 0.90199 0.80447
2.98393 0.87343 0.49917
0.20848 0.59477 0.12029
0.58981 0.95465 0.67283
0.97474 0.40919 0.58421
0.42910 0.58289 0.32584
0.99264 0.83166 0.37843
0.96042 0.13791 0.30072
0.96484 0.91063 0.54555
0.46826 0.32700 0.98719
0.86386 0.07877 0.48996
0.82342 0.25182 0.61419
0.40912 0.64242 0.29130
0.13930 0.55588 0.69888
0.36221 0.11662 0.60046
0.63516 0.07747 0.80374
-19.28249 -16.65381 0.78754
-2.47874 -17.47706 0.53596
0.42326 0.18712 0.70222
0.90678 0.17298 0.88149
0.54547 0.38875 0.98361
0.17446 0.38709 0.79059
0.50718 0.14239 0.38698
0.07803 0.81798 0.15022
0.48992 0.18349 0.84636
0.41276 0.76758 0.90405
0.63574 0.58171 0.17242
0.83664 0.52400 0.24870
0.79950 0.21694 0.86193
0.42028 0.48012 0.27363
0.36151 0.52931 0.50183
0.68971 0.50824 0.48620
0.31227 0.06276 0.35118
0.69005 0.31728 0.08130
0.47822 0.43500 0.10927
0.58045 0.48905 0.77790
0.81699 0.92507 0.58616
0.47054 0.41272 0.80233
0.26344 0.31180 0.04342
0.74850 0.95872 0.87476
0.71901 0.43531 0.85632
0.24470 0.44289 0.13670
0.71809 0.28464 0.59937
0.11725 0.89237 0.34108
0.46323 0.91407 0.85345
0.80573 0.09148 0.02310
0.01061 0.60964 0.23172
0.55517 0.87961 0.86829
0.19467 0.97380 0.94117
0.30883 0.26251 0.76593
0.14397 0.06538 0.75012
0.15847 0.43913 0.29396
0.65335 0.02355 0.79222
0.40235 0.79642 0.52591
0.96564 0.40433 0.70836
0.26256 0.60314 0.17817
0.63579 0.89454 0.90789
0.82159 0.43358 0.97311
0.88237 0.72820 0.03523
0.49066 0.08940 0.35815
0.49876 0.09612 0.08015
0.03089 0.59723 0.14931
0.41725 0.63969 0.13673
0.83076 0.05759 0.02072
0.35087 0.63204 0.72411
0.34073 0.24007 0.05171
0.32600 0.59960 0.40991
0.74453 0.59909 0.83953
0.78992 0.68388 0.94763
0.12901 0.93693 0.89085
0.04362 0.21007 0.06270
0.81725 0.93429 0.37632
0.46629 0.95043 0.09084
0.93006 0.54796 0.42440
0.09097 0.12439 0.88834
0.18208 0.90196 0.95624
0.66107 0.18500 0.05186
0.08015 0.32784 0.18021
0.93301 0.86974 0.76321
0.97958 0.06516 0.08955
0.91374 0.43905 0.51795
0.34646 0.65817 0.02704
0.30586 0.28124 0.06000
0.51567 0.43405 0.46930
0.63552 0.41602 0.23814
0.49058 0.12376 0.65127
0.58187 0.75872 0.05115
0.15133 0.82274 0.80593
0.28712 0.76645 0.29928
0.38141 0.87264 0.14983
0.32270 0.80770 0.31749
0.46320 0.83051 0.67285
0.94055 0.03364 0.53640
0.55772 0.39100 0.51003
0.67960 0.57565 0.68297
0.78402 0.51794 0.26949
0.44268 0.96260 0.70195
0.06684 0.95397 0.11214
0.92991 0.47823 0.86768
0.92081 0.13737 0.70082
0.23439 0.21453 0.03939
0.61817 0.08850 0.73337
0.28324 0.15660 0.77753
0.02805 0.72673 0.23390
0.60791 0.29503 0.80278
0.82620 0.27192 0.72092
0.36510 0.05572 0.93765
0.12034 0.93923 0.68329
0.92983 0.71057 0.13170
0.40710 0.95874 0.39518
0.90535 0.61188 0.68560
0.57267 0.66704 0.61663
0.14953 0.17610 0.62196
0.44673 0.33786 0.19260
0.85329 0.13590 0.74244
0.42968 0.78464 0.45771
0.05207 0.79909 0.25291
0.44435 0.39221 0.81686
0.61740 0.51589 0.55528
0.11005 0.44813 0.16585
0.65364 0.37326 0.24957
0.95794 0.43044 0.43011
0.82493 0.62857 0.44470
0.21310 0.39315 0.51225
0.62003 0.78662 0.80199
0.71640 0.33109 0.69665
0.94035 0.88268 0.58070
0.83627 0.15715 0.97283
0.33729 0.76441 0.63759
0.91790 0.85867 0.79864
0.26812 0.58576 0.95202
0.74757 0.30401 0.42458
0.13782 0.35045 0.37943
0.35159 0.21425 0.49980
0.95593 0.55923 0.01864
0.01560 0.70445 0.20814
0.33341 0.10464 0.06648
0.15448 0.30864 0.10180
0.95771 0.76768 0.08541
0.86023 0.57876 0.02064
0.52674 0.09222 0.87366
0.31166 0.47856 0.17975
0.87932 0.18106 0.84387
0.40691 0.91559 0.52650
0.46870 0.22430 0.94059
0.04436 0.69355 0.90346
0.13156 0.25550 0.81188
0.33525 0.77478 0.57696
0.57134 0.96701 0.89197
0.39066 0.92970 0.37044
0.46545 0.16693 0.01678
0.97871 0.23484 0.21340
1.32949 -0.00002 0.16097
0.34265 0.28940 0.62615
0.73869 0.76362 0.81481
0.62308 0.30192 0.75586
0.07786 0.77418 0.84366
0.44097 0.30914 0.95677
0.03135 0.97401 0.00726
0.24975 0.66799 0.66728
0.28466 0.89876 0.89294
0.04137 0.65750 0.52879
0.32357 0.93969 0.21940
0.49334 0.93360 0.88311
0.74349 0.56706 0.98359
0.03708 0.83723 0.15657
0.93249 0.85421 0.15812
0.46372 0.10358 0.70752
0.78400 0.62737 0.24911
0.93102 0.37767 0.01160
0.02467 0.11897 0.21503
0.76162 0.27436 0.03038
0.60277 0.19908 0.89810
0.35411 0.50535 0.66644
0.61233 0.11961 0.41467
0.51100 0.49977 0.49680
0.95587 0.59513 0.25390
0.25216 0.55298 0.46308
0.53740 0.94147 0.18089
0.92045 0.98044 0.71846
0.95620 0.16273 0.85224
0.71490 0.63525 0.54040
0.45795 0.99029 0.98650
0.41273 0.15786 0.44184
0.92922 0.77359 0.29128
0.42593 0.43495 0.34825
0.26985 0.61962 0.19144
0.10111 0.70743 0.48136
0.76474 1.00620 0.16575
0.01490 0.12240 0.74684
0.50155 0.55277 0.78749
0.73510 0.41515 0.69445
0.71901 0.75703 0.66204
0.25074 0.37984 0.49612
0.99071 0.20307 0.88064
0.58288 0.20865 0.41517
0.65480 0.73160 0.02833
0.44575 0.95092 0.60209
0.50566 0.96361 0.20345
0.75374 0.68906 0.14980
0.83190 0.66424 0.57268
0.95964 0.71523 0.97874
0.94623 0.89153 0.44266
0.62655 0.65495 0.45141
0.25046 0.27990 0.68347
0.79204 0.12012 0.22727
0.73780 0.48465 0.87650
0.64615 -1.18408 0.57806
0.42386 0.66738 0.29712
0.40533 0.63867 0.61344
0.15432 0.66211 0.89004
0.10730 0.90295 0.19400
0.79696 0.26644 0.58085
0.24564 0.04034 0.73762
0.70750 0.51107 0.87288
0.63620 0.31404 0.06464
-3.68545 0.70803 0.99450
0.51025 0.90971 0.78364
0.86624 0.55695 0.71555
0.16872 0.70775 0.51127
0.30884 0.13373 0.92281
0.07661 0.86294 0.37985
0.61653 0.01668 0.84005
4.97196 4.95772 0.75387
0.27346 0.13514 0.36387
0.52445 0.79234 0.45253
0.02732 0.03976 0.29725
0.53649 0.77552 0.47326
0.54528 0.67823 0.27614
0.75800 0.02739 0.18839
0.76922 0.14330 0.52603
0.95143 0.27833 0.09838
0.73168 0.31603 0.86184
0.95575 0.30701 0.72774
0.74118 0.08605 0.64270
0.85541 0.80727 0.91634
0.45963 0.84590 0.41023
0.14072 0.57819 0.73352
0.54127 0.01675 0.56816
0.42508 0.62498 0.02573
0.82053 0.85026 0.50659
0.78772 0.20054 0.45165
4.73815 1.38367 0.12351
0.09227 0.17409 0.17846
0.32019 0.88431 0.81157
0.04102 0.62878 0.94042
0.14931 0.61434 0.74202
0.15891 0.09173 0.55844
0.30686 0.35966 0.96681
0.83453 0.44516 0.02691
0.85953 0.15948 0.90434
0.45380 0.22034 0.78817
0.71038 0.14457 0.33675
0.06616 0.61946 0.05522
0.49702 0.92714 0.94901
0.85729 0.13162 0.57333
0.13777 0.76419 0.61588
0.00446 0.03942 0.25573
0.44411 0.10044 0.66723
0.72165 0.33842 0.11580
0.63453 0.42128 0.92089
0.36325 0.08581 0.14778
0.71929 0.04544 0.96529
0.59224 0.36413 0.54877
0.62321 0.52320 0.81186
0.36570 0.98394 0.50888
0.90824 0.58515 0.21372
0.59573 0.75769 0.16831
0.30081 0.83000 0.72632
0.19005 0.27624 0.72400
0.19942 0.42101 0.09128
0.10904 0.44377 0.13901
0.14363 0.80888 0.00423
0.05209 0.44648 0.11959
0.78261 0.08350 0.23760
0.26598 0.16747 0.30289
0.84612 0.08849 0.00486
0.43808 0.86014 0.91600
0.33415 0.93385 0.09388
0.48141 0.57681 0.07819
0.50688 0.06313 0.13397
0.66269 0.84595 0.46207
0.36973 0.68733 0.58726
0.70525 0.22499 0.81211
0.54220 0.19084 0.03971
0.74567 0.86420 0.65162
0.46986 0.97060 0.08055
0.41213 0.75291 0.97522
0.66081 0.91525 0.38882
0.83415 0.53982 0.57491
0.55627 0.31128 0.78431
0.59806 0.03283 0.81224
0.82222 0.54068 0.45773
0.91293 0.32472 0.01091
0.82341 0.96271 0.51824
0.81907 0.02480 0.39004
0.71217 0.71701 0.29958
-0.00513 1.15573 0.83385
0.82146 -0.29543 0.15787
0.66647 0.20915 0.97838
0.22991 0.04759 0.43996
0.07253 0.80281 0.67491
0.58456 0.35692 0.15485
0.98074 0.36566 0.63232
0.81618 0.85762 0.74227
0.31420 0.01725 0.13245
0.29630 0.30778 0.13261
0.22842 0.87633 0.56792
0.83637 0.28864 0.09287
0.80867 0.58068 0.66628
0.98381 0.93685 0.48810
0.97035 0.27632 0.20960
0.57898 0.81801 0.36035
0.66168 0.37187 0.13805
0.78814 0.19705 0.43216
0.57366 0.41352 0.84713
0.83972 0.44873 0.17950
0.60465 0.31354 0.73956
0.32223 0.56662 0.27039
0.01435 0.59199 0.21449
0.45955 0.80979 0.09723
0.16254 0.90928 0.02574
0.51412 0.96280 0.25494
0.24385 0.45436 0.30054
0.35916 0.24494 0.63242
0.61968 0.32259 0.55130
0.97569 0.90826 0.98887
0.77278 0.71764 0.49751
0.14739 0.13778 0.77625
-0.04809 -0.45822 0.00795
0.57245 0.40946 0.20900
129.23254 -282.12054 0.65987
0.57583 0.51835 0.07296
0.82241 0.67691 0.37586
0.12277 0.72525 0.66489
0.77678 0.52912 0.71988
0.34084 0.68823 0.19283
0.12037 0.59462 0.69509
0.88345 0.28229 0.69106
0.00037 0.61003 0.17105
0.72008 0.19442 0.51902
0.61331 0.70262 0.48516
0.92565 0.15147 0.17043
0.02356 0.28616 0.90286
0.11664 0.53894 0.80807
0.38987 0.01598 0.48345
0.63287 0.82171 0.78283
0.04293 0.60970 0.83342
-0.42720 0.31375 0.61164
0.39853 0.74858 0.30016
0.15792 0.85497 0.11773
-128.02112 282.17842 0.48484
0.68422 0.54019 0.94885
0.95166 0.51898 0.57141
0.70450 0.88747 0.01391
0.55120 0.80705 0.54263
0.31529 0.16623 0.98331
0.53308 0.48343 0.62025
0.05890 0.42882 0.01473
0.04403 0.13533 0.35626
0.10105 0.43333 0.56221
0.59051 0.76286 0.97448
0.98835 0.56817 0.11547
0.75946 0.71372 0.60976
0.57988 0.44348 0.07827
0.40380 0.51833 0.82340
0.39891 0.29221 0.08986
0.52413 0.68633 0.97535
0.32179 0.14456 0.44232
0.13485 0.38151 0.24436
0.58929 0.17257 0.13645
0.54065 0.32130 0.47710
0.17010 0.82714 0.92141
0.31771 0.72341 0.46474
0.31839 0.85038 0.95682
0.82952 0.09571 0.20224
0.43902 0.90143 0.99772
0.79462 0.02527 0.99371
0.49598 0.77684 0.51470
0.21559 0.03762 0.48858
0.15217 0.62774 0.46654
0.44625 0.27824 0.88784
0.01475 0.37789 0.39774
0.31148 0.05777 0.19122
0.33459 0.51167 0.73220
0.11764 0.66133 0.63092
0.22246 0.87717 0.61326
0.80774 0.04362 0.65472
0.62754 0.07247 0.70708
0.69973 0.53531 0.62289
0.51692 0.78909 0.16647
0.51485 0.74027 0.32044
0.82993 0.60633 0.03870
0.03206 0.90874 0.84578
0.72842 0.79403 0.75788
0.43966 0.60876 0.28895
0.83876 0.83991 0.20945
0.46881 0.51257 0.80858
0.79304 0.41688 0.14962
0.51920 0.73079 0.10779
0.01650 0.81437 0.39274
0.81171 0.27041 0.61088
0.82456 0.72246 0.48939
0.40210 0.50586 0.71280
0.47555 0.84112 0.58198
0.97494 0.02039 0.16268
0.67173 0.89193 0.83014
0.59955 0.89186 0.62435
0.18742 0.08382 0.35892
0.20533 0.33656 0.64135
0.69681 0.27709 0.47663
0.46271 0.61545 0.49191
0.88837 0.69736 0.84118
0.80581 0.08018 0.16002
0.52681 0.38381 0.27573
0.84158 0.04290 0.98992
0.31842 0.67502 0.86419
0.44467 0.46682 0.89636
0.98793 0.11445 0.18350
0.87439 0.54512 0.03485
0.55887 0.04736 0.24388
0.31913 0.01404 0.28352
0.58067 0.43680 0.39703
0.92642 0.58694 0.98292
0.79094 0.45503 0.48997
0.16427 -0.26065 0.82388
0.71557 0.90551 0.71600
0.27629 0.44379 0.06763
0.69224 0.11031 0.15867
0.06348 0.47444 0.89390
0.50771 0.11821 0.91086
0.16146 0.13828 0.43169
0.05826 0.96349 0.85353
0.91631 0.87678 0.23479
0.75914 0.90427 0.99417
0.34937 0.46824 0.56530
0.89099 0.93082 0.67206
0.07190 0.95572 0.86253
4.24249 -0.28992 0.46522
0.43384 0.05475 0.76648
0.64849 0.70292 0.76167
1.04579 0.03020 0.94781
0.75747 0.06115 0.13555
0.27507 0.63791 0.04668
0.13689 0.69761 0.19953
0.70354 0.75116 0.44076
0.02083 0.22265 0.56353
0.13074 0.97609 0.64750
0.49484 0.44432 0.10891
0.13160 0.73539 0.82423
0.17233 0.33755 0.62697
0.42541 0.67783 0.47559
0.30121 0.53679 0.35038
0.35532 0.46716 0.06489
0.20955 0.52753 0.63389
0.53536 0.04481 0.03349
0.76951 0.30679 0.67136
0.20939 0.56759 0.61789
0.13357 0.71184 0.97772
0.68091 0.20722 0.07266
0.39244 0.67984 0.27339
0.00966 0.20453 0.62116
0.85405 0.96967 0.72267
0.93646 0.41848 0.06142
0.79668 0.06515 0.01036
0.03954 0.39718 0.88319
0.36426 0.37213 0.96029
0.19009 0.38326 0.64863
0.05773 0.12316 0.96975
0.69233 0.87912 0.15620
0.85354 2.51064 0.06931
0.41627 0.66836 0.31925
-0.49842 1.25385 0.11442
0.25185 0.20455 0.67063
0.80664 0.07812 0.30313
0.53212 0.27380 0.74419
0.59859 0.36889 0.28851
0.43034 0.18494 0.67760
0.61360 0.69535 0.86350
0.03691 0.36959 0.57957
0.36217 0.59401 0.66350
0.04880 0.78973 0.61170
0.29353 0.73567 0.03555
0.17950 0.91188 0.82047
1.02348 0.26036 0.46726
0.15343 0.50541 0.23319
0.44539 0.31264 0.57986
0.62622 0.13134 0.64867
0.78220 0.21686 0.85002
0.49776 0.22755 0.40476
0.12366 0.60633 0.17292
0.23283 0.20460 0.20345
0.85178 0.15154 0.08116
0.51276 0.40330 0.43642
0.32959 0.84807 0.73239
0.29419 0.81370 0.69020
0.90392 0.42039 0.61927
0.85611 0.05679 0.40173
0.68178 0.82821 0.99209
0.01649 0.92270 0.91973
0.40873 0.29483 0.22178
0.67146 0.40577 0.11766
0.40289 0.21990 0.84780
0.14836 0.15843 0.98332
0.96148 0.09310 0.57637
0.72762 -0.11732 0.01328
0.01158 0.10022 0.70535
0.02514 0.34535 0.56952
0.20055 0.71769 0.68802
0.30400 0.68287 0.24292
0.80689 0.86608 0.06098
1.35688 -0.05406 0.83622
0.99985 0.67472 0.90956
0.51820 0.70211 0.41992
0.91017 0.97757 0.95684
0.69594 0.37818 0.63127
0.82791 0.69092 0.18822
0.63454 0.76729 0.24792
0.47633 0.42538 0.54313
0.32197 0.81956 0.90450
0.14692 0.93653 0.94126
0.61560 0.71972 0.25631
0.35049 0.28780 0.71031
0.47723 0.44796 0.61716
0.72225 0.15771 0.86031
0.13556 0.30356 0.58140
0.70752 0.49165 0.43094
61.11529 53.00489 0.80146
0.31274 0.90058 0.80480
0.29410 0.44967 0.94822
0.48624 0.09343 0.96593
0.58772 0.19301 0.58824
0.92477 0.73813 0.40557
0.34780 0.05807 0.85488
0.96777 0.03623 0.99096
0.65782 0.11949 0.17824
0.68558 0.04318 0.51017
0.24980 0.18944 0.31456
0.27482 0.55969 0.09790
0.78799 0.80209 0.81161
0.01943 0.01863 0.92818
0.40447 0.39192 0.38082
0.42692 0.35305 0.86325
0.87605 0.62995 0.78026
0.73166 0.54627 0.10260
0.53083 0.91945 0.12945
0.89495 0.71986 0.02347
0.11980 0.34950 0.41567
0.85982 0.15656 0.96436
0.73820 0.98538 0.85000
0.39554 0.56672 0.25403
0.23836 0.09961 0.52060
0.83375 0.92430 0.94605
0.78142 0.44584 0.66563
0.42618 0.34613 0.60005
0.03797 0.49496 0.77752
0.70639 0.51173 0.60778
0.29036 0.51188 0.47827
0.75765 0.07448 0.86257
0.04611 0.95583 0.61750
0.12770 0.94764 0.54568
0.62334 0.55370 0.72743
0.57493 0.48764 0.41168
0.97392 0.02995 0.31789
0.73833 0.12772 0.00948
0.72438 0.08106 0.81840
-0.00174 0.14272 0.13702
0.97653 0.03924 0.85699
0.93403 0.94989 0.30381
0.33803 0.38138 0.14161
0.70637 0.53510 0.22618
1.00945 0.34145 0.07697
0.65315 0.80712 0.22873
0.20811 0.39425 0.61936
1.00329 0.86730 0.76054
0.87030 0.21153 0.95363
0.52047 0.14420 0.34541
0.49801 0.88592 0.15618
0.93301 0.81053 0.88950
0.23967 0.10058 0.56958
0.01932 0.55486 0.39681
0.34432 0.48161 0.58138
0.78857 0.30792 0.15598
-0.65906 -30.77740 0.83259
0.94710 0.67641 0.50389
0.49035 0.09257 0.86296
0.97387 0.88790 0.78883
0.51732 0.59376 0.36814
0.37377 0.95369 0.43472
0.55505 0.57395 0.48667
0.07399 0.73887 0.48690
0.08261 0.07254 0.73617
0.83214 0.11142 0.81944
0.36269 0.89402 0.21722
0.52005 0.65312 0.66773
0.19281 0.40367 0.62846
0.49787 0.85352 0.24647
0.50678 0.48253 0.48413
0.35030 0.67713 0.83450
0.93262 0.22460 0.31112
0.11075 0.61685 0.96986
0.88161 0.10943 0.12183
0.81479 0.97914 0.41462
0.33340 0.95847 0.63770
0.30811 0.88586 0.19833
0.38815 0.88584 0.23532
0.15191 0.87052 0.69331
0.92379 0.77272 0.30766
0.21207 0.03137 0.49007
0.01737 0.41292 0.57852
0.76526 0.18690 0.11801
0.45665 0.46121 0.64654
0.07972 0.61491 0.12039
0.58532 0.07898 0.14057
-2.66371 -0.61957 0.27012
0.14322 0.18960 0.30144
0.65263 0.92719 0.39710
0.46622 0.26558 0.13981
0.85786 0.35798 0.62703
0.18185 0.36696 0.29639
0.89733 0.53387 0.62710
0.66171 0.24622 0.94512
0.72379 0.10340 0.26006
0.27057 0.66929 0.27724
0.79010 0.83284 0.33638
0.51613 0.82142 0.16528
0.27144 0.39719 0.91850
0.01571 0.28403 0.27954
0.52619 0.16032 0.25044
0.16163 0.86620 0.35821
0.07741 0.27730 0.47626
0.30557 0.04218 0.47370
0.78227 0.80016 0.12278
0.71905 0.54181 0.73244
0.66172 0.70200 0.95760
0.45402 0.48932 0.33764
0.44129 0.39339 0.69243
0.43363 0.90622 0.68017
0.28310 0.77524 0.14559
0.80303 0.13732 0.75956
0.50481 0.64692 0.28188
0.53229 0.64296 0.54149
-3.93151 0.23479 0.24464
0.04115 0.42836 0.27848
0.38103 0.15503 0.79551
0.85421 0.44093 0.01864
0.88773 0.06674 0.32375
0.94098 0.71973 0.69372
0.35213 0.24250 0.72964
0.57643 0.46527 0.57609
0.71474 0.64146 0.36198
0.29856 0.47291 0.43833
0.81988 0.52428 0.87124
0.40334 0.96742 0.36797
0.44396 0.27255 0.89269
0.28597 0.80258 0.37923
0.67388 0.85016 0.16189
0.65045 0.57033 0.58484
0.59932 0.53019 0.57628
0.81479 0.09015 0.63981
0.12793 0.32108 0.89100
0.41589 0.60766 0.24495
0.02129 0.14221 0.67458
0.60580 0.83540 0.75662
0.03330 0.42616 0.81067
0.60816 0.39018 0.70241
0.17064 0.45071 0.04344
0.80139 0.72202 0.45361
0.98603 0.67897 0.07587
0.20264 0.03057 0.22078
0.43042 0.92279 0.85253
0.49539 0.92848 0.27565
0.06448 0.62901 0.25760
0.37929 0.62065 0.37533
0.45453 0.25505 0.14925
0.48982 0.54940 0.44468
0.90522 0.77762 0.60857
0.31313 0.88712 0.47141
0.26982 0.20602 0.79582
0.26220 0.87289 0.04736
0.96789 0.53512 0.20239
0.84016 0.49185 0.19802
0.84333 0.66258 0.24828
0.76981 0.75144 0.20273
0.97508 0.19742 0.02818
0.39032 0.21949 0.91163
0.27096 0.02754 0.63115
0.29181 0.73723 0.60231
0.91661 0.21117 0.15612
0.01442 0.42199 0.13030
0.61986 0.59545 0.61385
0.23267 0.25607 0.17866
0.96798 0.36974 0.07471
0.43878 0.65737 0.79312
0.79761 0.09888 0.09382
0.69074 0.66554 0.28825
0.95146 0.21777 0.41412
0.79768 0.51235 0.59269
0.80063 0.29338 0.96749
0.79340 0.73248 0.70265
-2.24198 0.73276 0.89159
0.10355 0.95475 0.99350
0.08943 0.80019 0.16376
0.79432 0.78725 0.84594
0.26626 0.70939 0.50851
0.06255 0.32613 0.12374
0.90019 0.34538 0.56557
0.59505 0.20482 0.38962
0.46230 0.79292 0.56124
0.76224 0.26234 0.51057
0.72505 0.76636 0.99539
0.62249 0.51077 0.96585
0.45264 0.58022 0.64837
0.24297 0.87230 0.09969
0.05348 0.40856 0.10989
0.24472 0.71761 0.90202
0.53065 0.06621 0.69325
0.01925 0.42717 0.71957
0.55745 0.40608 0.06051
0.84898 0.76010 0.23488
0.83419 0.03237 0.97489
0.71103 0.24023 0.91731
0.54708 0.87611 0.76484
0.36515 0.53732 0.74529
0.84924 0.07135 0.52805
0.34481 0.36605 0.84707
0.95410 0.36900 0.42429
0.07508 0.90503 0.13239
0.38206 0.70886 0.52423
0.25835 0.71341 0.29301
0.95150 0.65404 0.80563
0.63032 0.09636 0.11730
0.41248 0.53514 0.88009
0.79930 0.37954 0.92777
0.40693 0.85937 0.50854
0.58424 0.83972 0.60099
0.42023 0.95966 0.50710
-0.11116 0.33554 0.46393
0.33294 0.66990 0.54522
0.46320 0.71121 0.79000
0.07607 0.72062 0.38091
0.76585 0.64443 0.90913
0.44387 0.97177 0.88368
0.24413 0.29779 0.76789
0.68172 0.93427 0.64596
0.15134 0.22351 0.78557
0.35917 0.53975 0.48548
0.60656 0.27297 0.25532
0.36256 0.41283 0.69544
0.58475 0.37044 0.64901
0.52814 0.36289 0.58138
0.59078 0.90758 0.90138
0.23614 1.10654 0.24326
0.27325 0.71406 0.57404
0.30045 0.79062 0.73021
0.97886 0.22575 0.00463
0.40026 0.29812 0.90213
0.88366 0.44928 0.68771
0.53021 0.13079 0.31821
0.16996 0.25410 0.18773
0.72163 0.05831 0.85926
0.47004 0.42763 0.20145
0.43866 0.31407 0.76936
0.90691 0.53222 0.45744
0.88529 0.45414 0.35716
0.54405 0.84091 0.26530
0.51282 0.24594 0.24200
0.42937 0.57065 0.09154
1.00972 0.92647 0.28914
0.92964 0.57664 0.04823
0.33289 0.47354 0.83432
0.65786 0.83596 0.80917
0.59935 0.55710 0.10079
0.41397 0.73521 0.69500
0.45414 0.17324 0.45738
0.25126 0.42766 0.38509
0.58825 0.46459 0.87825
0.96647 0.51182 0.06015
0.31758 0.51838 0.58785
0.16735 0.93402 0.86627
0.89065 0.30997 0.21629
0.69094 0.63471 0.45646
0.79617 0.63907 0.58121
0.44947 0.96662 0.63475
0.20156 0.86726 0.76996
0.63641 0.25923 0.23452
0.48367 0.52797 0.23283
0.82941 0.97416 0.89364
0.92314 0.36785 0.64931
0.81835 0.09488 0.18309
0.75534 0.31270 0.89306
0.06232 0.80480 0.69544
0.74860 0.68455 0.53017
0.66055 0.78696 0.41333
0.91380 0.18031 0.25114
0.79524 0.58044 0.76710
0.81697 0.21155 0.74873
0.78782 0.10228 0.36786
0.89479 0.43627 0.27936
0.75516 0.40013 0.34545
0.44775 0.07762 0.67072
0.10029 0.05743 0.21097
0.55856 0.98573 0.76734
0.41108 0.71623 0.01149
0.62710 0.45203 0.08948
0.11902 -0.01271 0.37402
0.08516 0.81930 0.05323
0.48446 -0.12030 0.67708
0.22420 0.38372 0.50009
0.91160 0.75827 0.29653
0.53497 0.56159 0.74058
0.43588 0.38062 0.80297
0.14836 0.55624 0.51071
0.49248 0.96311 0.16887
0.65302 0.40573 0.75926
0.11772 0.70523 0.92056
0.51957 0.66308 0.71584
0.46837 0.54195 0.19413
0.01229 0.61718 0.29589
0.68511 0.66319 0.60640
0.70287 0.34058 0.41958
0.48406 0.55310 0.95212
0.90347 0.69202 0.31545
0.23886 0.92577 0.14364
0.48311 0.78363 0.53819
0.86002 0.44032 0.40568
0.78756 0.25383 0.00934
0.04952 0.22660 0.18199
0.63962 0.50611 0.38236
0.99006 0.69933 0.08442
0.01016 0.30846 0.10732
0.47061 0.26405 0.92499
0.12190 0.01297 0.97841
0.86869 0.39653 0.08639
0.14171 -0.02616 0.12040
0.83407 0.64217 0.45206
0.56394 0.35475 0.55834
0.68548 0.59990 0.39923
0.26472 0.60589 0.01109
0.29615 0.62839 0.66047
0.37766 0.88577 0.98411
0.82621 0.42886 0.49464
0.70316 0.80631 0.57268
0.04096 0.79985 0.49552
0.16900 0.57630 0.63607
0.55186 0.50258 0.00745
0.34862 0.10926 0.69728
0.58517 0.98535 0.21612
0.17483 0.75059 0.09633
0.90306 0.85839 0.04409
0.12476 0.38574 0.09381
0.41194 0.62078 0.86706
0.90989 0.46018 0.35803
0.32626 0.96607 0.18151
0.45429 0.40499 0.02063
0.01750 0.16412 0.99665
0.15500 0.17325 0.74764
0.45165 0.12725 0.25791
0.63532 0.52894 0.82778
0.87467 0.90964 0.09839
0.35195 0.96255 0.48345
0.37388 0.45469 0.50423
0.48514 0.25812 0.91702
3.66463 0.80317 0.53594
0.23419 0.06333 0.00738
0.03715 0.69956 0.37514
0.25114 0.94565 0.64231
0.74717 0.36069 0.32244
0.37575 0.06133 0.73174
0.74170 0.83461 0.69376
0.63448 0.93891 0.93793
0.60207 0.89920 0.70655
0.92482 0.55889 0.56341
0.23722 0.21273 0.39266
0.21331 0.96843 0.11287
0.52489 0.73266 0.74451
0.38325 0.31265 0.95196
0.87362 0.85248 0.57006
0.29009 0.76631 0.64181
0.91684 0.88607 0.59740
2.74371 17.67243 0.42714
0.49932 0.45351 0.38273
0.61166 0.34929 0.68930
0.22239 0.73295 0.65120
0.29561 0.59532 0.90744
0.14421 0.22216 0.92900
0.83305 0.77678 0.44476
0.12738 0.26970 0.81610
0.97785 0.95038 0.32261
0.53518 0.48399 0.91988
0.76140 0.96701 0.10423
0.20737 0.58353 0.79513
0.62268 0.67304 0.75288
0.21092 0.25562 0.83129
0.42068 0.61367 0.92055
0.78732 0.88187 0.91172
0.62629 0.30837 0.09087
0.49229 0.12643 0.07972
0.05980 0.66734 0.37858
0.20470 0.52771 0.12970
0.65866 0.75642 0.13904
-356.10811 61.76811 0.65685
0.58917 0.72976 0.77987
0.33260 0.51908 0.30985
0.94074 0.28552 0.36885
0.53353 0.01135 0.63809
0.22882 0.24734 0.00992
0.78838 0.27334 0.27138
0.76109 0.51864 0.35969
0.60156 0.34030 0.31536
0.79762 0.49208 0.57274
1.03769 1.29858 0.70021
0.08009 0.66874 0.58893
0.45670 0.96494 0.17540
0.64015 0.39835 0.63961
3.30365 0.72409 0.93720
0.58049 0.19470 0.07278
0.07468 0.68428 0.04971
0.35715 0.25857 0.43270
0.94502 0.72485 0.85255
0.68398 0.35303 0.38851
0.63686 0.34346 0.04918
0.82449 0.02846 0.84675
0.52772 0.72099 0.77431
0.70351 0.47821 0.36688
0.70204 0.28057 0.63365
0.93641 0.38100 0.68355
0.49428 0.06234 0.91626
0.58707 0.94924 0.07478
0.69964 0.47041 0.59544
0.58461 0.73892 0.00750
0.93806 0.37481 0.39383
0.38014 0.79627 0.66489
0.92702 0.46098 0.12391
0.23240 0.18098 0.15164
0.90440 0.42334 0.82545
0.29337 0.55797 0.32424
0.35267 0.51082 0.09456
0.47425 0.90176 0.42681
0.77479 0.42548 0.35121
0.12853 0.90361 0.18797
0.49805 0.24619 0.68606
0.74146 0.81865 0.47428
0.78431 0.22532 0.07129
0.04223 0.61336 0.74826
0.16119 0.10963 0.85322
0.92275 0.38835 0.43726
0.07765 0.34690 0.11144
0.44921 0.36623 0.38450
0.21409 0.79323 0.78815
0.83838 0.78986 0.04502
0.35764 0.46674 0.64864
0.52828 0.93623 0.99666
0.68968 0.21580 0.89870
0.20047 0.92204 0.03562
0.21281 0.37710 0.28711
0.09876 0.90088 0.69157
0.60617 0.73824 0.18502
0.30127 0.56162 0.11890
0.57468 0.49721 0.09686
0.53998 0.86993 0.02805
0.84706 0.05463 0.47876
0.42764 0.95173 0.34496
0.62989 0.32462 0.35562
0.33306 0.66857 0.72454
0.34640 0.32259 0.90111
0.60734 0.88119 0.55386
0.45485 0.77702 0.11364
0.40670 0.10387 0.40365
0.77325 0.81369 0.60977
0.08271 0.57141 0.16022
0.81756 0.88967 0.52393
0.45236 0.97940 0.12298
0.23290 0.22265 0.04736
0.11240 0.89518 0.71612
0.70436 0.53032 0.92471
