Tempos de Execução (300, 50, 128):
----------------------------------------
Tempo total: 128.702 ms
Tempo no kernel GPU: 23.010 ms
Tempo sequencial CPU: 105.692 ms
----------------------------------------
0.05515 0.13204 0.70927
0.30394 0.85965 0.13581
0.66322 0.60076 0.99480
0.84690 0.10577 0.13771
0.54824 0.47108 0.65183
0.65391 0.67146 0.06739
0.81158 0.08486 0.33474
0.12387 0.53371 0.01372
0.14773 0.17395 0.81111
0.87966 0.25051 0.25092
0.14143 0.25811 0.63348
0.76234 0.03606 0.31549
0.78001 0.42993 0.21622
0.29629 0.55856 0.01730
0.13196 0.49239 0.06882
0.83206 0.79236 0.50260
0.08628 0.66963 0.50966
0.84672 0.94034 0.87759
0.15965 0.17951 0.72386
0.50497 0.61905 0.30589
0.59669 0.05000 0.44439
0.27797 0.78538 0.40186
0.23109 0.71997 0.34250
0.64913 0.09521 0.30593
0.66749 0.50353 0.32331
0.36938 0.78051 0.36187
0.94190 0.03390 0.33400
0.36094 0.09030 0.43065
0.68194 0.10737 0.01725
0.76585 0.52216 0.99773
0.47975 0.31415 0.36333
0.40410 0.96161 0.25046
0.98025 0.04215 0.38376
0.48416 0.51979 0.93021
0.04848 0.62171 0.32789
0.45898 0.95056 0.33115
0.95676 0.93402 0.03680
0.15374 0.78118 0.34207
0.96581 0.46219 0.75349
0.75499 0.93752 0.91890
0.39244 0.29298 0.45545
0.98076 0.78530 0.15511
0.08703 0.67046 0.07699
0.28732 0.10640 0.79846
0.46006 0.91186 0.69729
0.72426 0.99026 0.43996
0.16982 0.92033 0.41014
0.96118 0.74742 0.51357
0.73409 0.82225 0.26458
0.36301 0.78223 0.73328
0.13457 0.39645 0.47208
0.68816 0.97433 0.56361
0.83648 0.37119 0.25289
0.34343 0.26901 0.45128
0.70644 0.77487 0.42663
0.81109 0.18821 0.67484
0.21787 0.73402 0.71774
0.86547 0.04873 0.93488
0.61896 0.63863 0.62136
0.63903 0.60901 0.18695
0.37534 0.95457 0.41946
0.95719 0.69356 0.05659
0.78954 0.55715 0.18769
0.08799 0.63635 0.54329
0.11259 0.00370 0.85953
0.25076 0.02236 0.33360
0.31228 0.22280 0.13840
0.83209 0.94224 0.70041
0.42753 0.27132 0.81981
0.02600 0.51508 0.64849
0.35960 0.31968 0.44098
0.67746 0.84616 0.35446
0.30718 0.44893 0.59889
0.80468 0.45538 0.14082
0.63358 0.80711 0.43936
0.42758 0.57040 0.21208
0.35670 0.31064 0.16730
0.87974 0.13060 0.94432
0.09164 0.61995 0.16570
0.70822 0.56317 0.44989
0.65877 0.17941 0.03085
0.27089 0.95424 0.76367
0.33352 0.18073 0.53153
0.38800 0.00603 0.36383
0.66927 0.50593 0.73356
0.54905 0.08036 0.15968
0.07292 0.68452 0.81733
0.48983 0.29819 0.90577
0.57009 0.87008 0.01570
0.09669 0.72419 0.64287
0.81643 0.46625 0.94133
0.69891 0.09529 0.96883
0.61734 0.34860 0.04190
0.43973 0.09965 0.72356
0.94258 0.81196 0.45976
0.09488 0.01402 0.42672
0.12448 0.59894 0.26685
0.25355 0.79135 0.97875
0.02908 0.81557 0.88615
0.52695 0.64664 0.65640
0.15920 0.64067 0.24034
0.27046 0.54028 0.04590
0.51553 0.74299 0.93370
0.46637 0.15588 0.70331
0.49221 0.04727 0.24938
0.04869 0.62161 0.35806
0.12271 0.60667 0.34954
0.55705 0.09997 0.58577
0.84502 0.78354 0.51281
0.87317 0.54678 0.06792
0.52810 0.98619 0.60720
0.05855 0.67546 0.01159
0.51853 0.83621 0.34200
0.68823 0.92815 0.43543
0.50113 0.55922 0.97499
0.69112 0.83022 0.70403
0.38799 0.55686 0.47236
0.41495 0.08411 0.96451
0.65946 0.75123 0.86461
0.68916 0.64189 0.41096
0.42583 0.25403 0.98571
0.34193 0.47276 0.08748
0.76650 0.26587 0.97894
0.49315 0.47687 0.59656
0.78051 0.49226 0.96576
0.18724 0.88057 0.09258
0.95492 0.35994 0.54404
0.58055 0.35704 0.56273
0.50277 0.22818 0.06695
0.77578 0.87060 0.28958
0.47281 0.41187 0.51293
0.43054 0.24267 0.23583
0.55180 0.28475 0.41378
0.40339 0.65025 0.29430
0.98737 0.08622 0.47574
0.44878 0.41868 0.93107
0.64651 0.34969 0.58797
0.95818 0.99854 0.31751
0.37997 0.95709 0.07278
0.96626 0.64424 0.11816
0.72176 0.23659 0.49488
0.34306 0.65928 0.18879
0.29815 0.16892 0.20325
0.17440 0.78828 0.27734
0.45340 0.50649 0.85598
0.14645 0.02255 0.03835
0.36547 0.92395 0.67984
0.65430 0.38906 0.61241
0.69738 0.42481 0.34715
0.22833 0.10092 0.03029
0.35817 0.85827 0.09339
0.82529 0.72262 0.53679
0.38092 0.75612 0.60066
0.44162 0.23707 0.55356
0.68195 0.35251 0.57312
0.16564 0.54909 0.07338
0.36097 0.41476 0.19028
0.18439 0.97734 0.59928
0.79859 0.02159 0.34236
0.15439 0.18303 0.31508
0.05286 0.38407 0.64941
0.88568 0.48510 0.39116
0.51418 0.90591 0.21937
0.13027 0.70020 0.42681
0.49122 0.92749 0.90241
0.37487 0.00975 0.11583
0.09770 0.01242 0.28641
0.38048 0.39213 0.50649
0.86977 0.01718 0.71497
0.23092 0.28695 0.88508
0.52300 0.73486 0.26216
0.81115 0.74613 0.10988
0.84237 0.24810 0.93709
0.45773 0.82964 0.93131
0.10743 0.51568 0.04472
0.51363 0.22153 0.93645
0.44423 0.78069 0.91796
0.84826 0.37932 0.87437
0.74989 0.59684 0.29801
0.03432 0.87441 0.65997
0.57213 0.14449 0.68291
0.93132 0.24931 0.05328
0.07059 0.95210 0.15574
0.74249 0.36860 0.51721
0.13086 0.63154 0.78738
0.43191 0.83032 0.53296
0.29457 0.87861 0.16713
0.73342 0.64881 0.51687
0.63270 0.49853 0.52232
0.98844 0.58673 0.84253
0.95253 0.20229 0.78835
0.59806 0.09596 0.45428
0.33050 0.00311 0.04866
0.02128 0.11480 0.97608
0.21996 0.76236 0.09906
0.67409 0.70894 0.92196
0.00508 0.19997 0.33206
0.84999 0.83519 0.31561
0.90290 0.47243 0.82822
0.20154 0.84628 0.27392
0.34407 0.73702 0.25702
0.84229 0.35570 0.96587
0.32910 0.77911 0.21719
0.75570 0.21360 0.31858
0.37266 0.10716 0.04789
0.87637 0.72670 0.51888
0.72054 0.05192 0.01289
0.98431 0.03973 0.40802
0.30186 0.70256 0.97100
0.26037 0.61192 0.38658
0.47847 0.72263 0.16551
0.39686 0.53199 0.72773
0.12081 0.65644 0.28411
0.47584 0.39420 0.83301
0.34725 0.66374 0.76216
0.41535 0.78096 0.63911
0.70008 0.41362 0.97925
0.43409 0.45397 0.33554
0.81049 0.15286 0.48282
0.30727 0.36326 0.91444
0.88251 0.88002 0.50733
0.43912 0.55269 0.20796
0.37235 0.10035 0.53983
0.12334 0.90718 0.86787
0.05236 0.90328 0.80447
0.73897 0.52790 0.49917
0.20468 0.58205 0.12029
0.59084 0.96233 0.67283
0.98334 0.41015 0.58421
0.43002 0.58237 0.32584
0.75509 0.81405 0.37843
0.96567 0.13483 0.30072
0.98439 0.90979 0.54555
0.47318 0.32537 0.98719
0.87258 0.07554 0.48996
0.83314 0.27787 0.61419
0.40739 0.64693 0.29130
0.13388 0.55366 0.69888
0.49123 0.07261 0.60046
0.63736 0.06966 0.80374
0.33848 0.47301 0.78754
0.12598 0.09991 0.53596
0.41672 0.18605 0.70222
0.88759 0.13645 0.88149
0.54128 0.38835 0.98361
0.61517 0.85182 0.79059
0.51882 0.14495 0.38698
0.06842 0.82120 0.15022
0.49096 0.18181 0.84636
0.40659 0.78776 0.90405
0.62932 0.55351 0.17242
0.84606 0.51941 0.24870
0.80644 0.21131 0.86193
0.41842 0.47949 0.27363
0.32332 0.49309 0.50183
0.72925 0.58492 0.48620
0.40866 0.14813 0.35118
0.68834 0.31508 0.08130
0.48302 0.41542 0.10927
0.58647 0.50162 0.77790
0.84034 0.88142 0.58616
0.47819 0.41204 0.80233
0.24969 0.30476 0.04342
0.76130 0.96987 0.87476
0.72086 0.43353 0.85632
0.20229 0.44906 0.13670
0.71857 0.28475 0.59937
0.13759 0.88120 0.34108
0.46341 0.91812 0.85345
0.78809 0.08288 0.02310
0.00664 0.61359 0.23172
0.55746 0.88552 0.86829
0.19462 0.98207 0.94117
0.30862 0.26127 0.76593
0.13911 0.08514 0.75012
0.15613 0.43921 0.29396
0.61650 0.11774 0.79222
0.41275 0.82021 0.52591
0.96412 0.41190 0.70836
0.25513 0.61212 0.17817
0.63826 0.89854 0.90789
0.87839 0.44727 0.97311
0.88027 0.71595 0.03523
0.49678 0.07983 0.35815
0.50429 0.08656 0.08015
0.01042 0.58940 0.14931
0.40946 0.64000 0.13673
0.85395 0.06678 0.02072
0.35975 0.61102 0.72411
0.30374 0.26807 0.05171
0.32465 0.60359 0.40991
0.96436 0.74072 0.83953
0.80236 0.67196 0.94763
0.12713 0.95487 0.89085
0.03528 0.22245 0.06270
0.82597 0.93012 0.37632
0.47192 0.96580 0.09084
0.93411 0.54668 0.42440
0.08923 0.12316 0.88834
0.18761 0.89611 0.95624
