Tempos de Execução (600, 100, 32):
----------------------------------------
Tempo total: 176.281 ms
Tempo no kernel GPU: 63.211 ms
Tempo sequencial CPU: 113.070 ms
----------------------------------------
0.05179 0.12074 0.70927
0.28393 0.86254 0.13581
0.66410 0.59903 0.99480
0.84736 0.10577 0.13771
0.54984 0.47225 0.65183
0.65269 0.67094 0.06739
0.80949 0.08654 0.33474
0.12096 0.53488 0.01372
0.14737 0.17451 0.81111
0.88225 0.25893 0.25092
0.14041 0.25759 0.63348
0.76153 0.03647 0.31549
0.77770 0.42934 0.21622
0.30094 0.55829 0.01730
0.13019 0.49289 0.06882
0.83201 0.79239 0.50260
0.08728 0.67108 0.50966
0.84606 0.94045 0.87759
0.15750 0.18081 0.72386
0.50441 0.61881 0.30589
0.59750 0.04829 0.44439
0.27950 0.78384 0.40186
0.23184 0.71945 0.34250
0.64770 0.09648 0.30593
0.66767 0.50355 0.32331
0.36941 0.77987 0.36187
0.94715 0.04592 0.33400
0.36145 0.09278 0.43065
0.68233 0.10880 0.01725
0.76477 0.52394 0.99773
0.48439 0.30777 0.36333
0.40542 0.96048 0.25046
0.97844 0.04392 0.38376
0.48561 0.52035 0.93021
0.05236 0.61720 0.32789
0.45875 0.95084 0.33115
0.95273 0.93569 0.03680
0.15218 0.78154 0.34207
0.96377 0.46165 0.75349
0.75458 0.93617 0.91890
0.38771 0.28882 0.45545
0.97700 0.78254 0.15511
0.08542 0.66929 0.07699
0.28828 0.10960 0.79846
0.46040 0.91169 0.69729
0.72391 0.98908 0.43996
0.17073 0.91664 0.41014
0.96107 0.75075 0.51357
0.71400 0.82556 0.26458
0.35996 0.78059 0.73328
0.13521 0.39676 0.47208
0.68751 0.97286 0.56361
0.83561 0.37091 0.25289
0.34429 0.26764 0.45128
0.70733 0.77172 0.42663
0.81148 0.18797 0.67484
0.21821 0.73366 0.71774
0.86014 0.05256 0.93488
0.61991 0.64160 0.62136
0.63916 0.60860 0.18695
0.37777 0.95349 0.41946
0.95593 0.69541 0.05659
0.78135 0.56581 0.18769
0.08019 0.63978 0.54329
0.11311 0.00477 0.85953
0.25056 0.02755 0.33360
0.31216 0.22277 0.13840
0.83211 0.94335 0.70041
0.42683 0.26212 0.81981
0.02864 0.51682 0.64849
0.35975 0.31941 0.44098
0.67467 0.84360 0.35446
0.30626 0.45039 0.59889
0.80368 0.45563 0.14082
0.63556 0.80794 0.43936
0.42794 0.57099 0.21208
0.35695 0.31005 0.16730
0.87541 0.13184 0.94432
0.09139 0.62002 0.16570
0.71409 0.55777 0.44989
0.66155 0.19123 0.03085
0.27177 0.95225 0.76367
0.33309 0.18064 0.53153
0.37632 0.00302 0.36383
0.67071 0.50694 0.73356
0.54895 0.08149 0.15968
0.07267 0.68378 0.81733
0.48556 0.30611 0.90577
0.56897 0.86879 0.01570
0.09729 0.72132 0.64287
0.81566 0.46690 0.94133
0.70013 0.09644 0.96883
0.61593 0.34871 0.04190
0.44830 0.11208 0.72356
0.94167 0.81091 0.45976
0.09475 0.01552 0.42672
0.12797 0.59762 0.26685
0.25472 0.79097 0.97875
0.03253 0.81519 0.88615
0.52762 0.64791 0.65640
0.15876 0.64079 0.24034
0.27006 0.54161 0.04590
0.51564 0.74336 0.93370
0.46388 0.15628 0.70331
0.49611 0.07135 0.24938
0.04284 0.62269 0.35806
0.12482 0.60615 0.34954
0.55726 0.10106 0.58577
0.84488 0.78389 0.51281
0.87012 0.54889 0.06792
0.52373 0.97944 0.60720
-0.00576 0.61455 0.01159
0.53430 0.83829 0.34200
0.68670 0.92614 0.43543
0.49454 0.55145 0.97499
0.70961 0.82549 0.70403
0.37085 0.57915 0.47236
0.41546 0.08598 0.96451
0.65898 0.75074 0.86461
0.69018 0.64115 0.41096
0.42668 0.26369 0.98571
0.34246 0.47375 0.08748
0.75726 0.26274 0.97894
0.49428 0.47694 0.59656
0.77958 0.49323 0.96576
0.18764 0.88066 0.09258
0.95380 0.35971 0.54404
0.57950 0.36661 0.56273
0.50197 0.22803 0.06695
0.77478 0.86947 0.28958
0.47539 0.40461 0.51293
0.43131 0.24214 0.23583
0.55315 0.28695 0.41378
0.41381 0.64300 0.29430
0.98914 0.09013 0.47574
0.44924 0.41765 0.93107
0.64564 0.34956 0.58797
0.95694 0.99688 0.31751
0.38060 0.95612 0.07278
0.96468 0.64347 0.11816
0.65721 0.32150 0.49488
0.34290 0.66105 0.18879
0.29898 0.16154 0.20325
0.17357 0.78901 0.27734
0.45651 0.50745 0.85598
0.14711 0.02388 0.03835
0.36551 0.92145 0.67984
0.65472 0.41317 0.61241
0.69629 0.42446 0.34715
0.22932 0.10202 0.03029
0.35842 0.85862 0.09339
0.82378 0.72073 0.53679
0.38468 0.75514 0.60066
0.44346 0.23461 0.55356
0.68032 0.35272 0.57312
0.16514 0.55050 0.07338
0.36134 0.41477 0.19028
0.18453 0.97526 0.59928
0.80103 0.02544 0.34236
0.15442 0.18260 0.31508
0.05424 0.38480 0.64941
0.88514 0.48543 0.39116
0.51345 0.88759 0.21937
0.13082 0.70004 0.42681
0.49635 0.93046 0.90241
0.37900 0.00808 0.11583
0.09843 0.01340 0.28641
0.38121 0.39212 0.50649
0.86844 0.01951 0.71497
0.23338 0.28575 0.88508
0.52355 0.73442 0.26216
0.80995 0.74479 0.10988
0.84065 0.25228 0.93709
0.47127 0.80820 0.93131
0.11154 0.50545 0.04472
0.51394 0.22144 0.93645
0.44708 0.78016 0.91796
0.84779 0.37921 0.87437
0.75017 0.59513 0.29801
0.03636 0.87263 0.65997
0.57315 0.14660 0.68291
0.93088 0.25039 0.05328
0.06908 0.95572 0.15574
0.74124 0.36725 0.51721
0.13268 0.63051 0.78738
0.42175 0.83484 0.53296
0.29581 0.87423 0.16713
0.73310 0.64828 0.51687
0.63182 0.49929 0.52232
0.98613 0.58439 0.84253
0.95199 0.20236 0.78835
0.60595 0.10030 0.45428
0.32991 0.00565 0.04866
0.03010 0.11993 0.97608
0.22047 0.76219 0.09906
0.67412 0.70874 0.92196
0.00629 0.19993 0.33206
0.84872 0.83431 0.31561
0.90305 0.47243 0.82822
0.20080 0.84640 0.27392
0.34410 0.73846 0.25702
0.84161 0.35516 0.96587
0.33516 0.77726 0.21719
0.75401 0.21521 0.31858
0.40305 0.15283 0.04789
0.87566 0.72611 0.51888
0.72075 0.05148 0.01289
0.99140 0.04447 0.40802
0.30105 0.70484 0.97100
0.24918 0.59824 0.38658
0.47847 0.72279 0.16551
0.39662 0.53276 0.72773
0.12199 0.65642 0.28411
0.47421 0.39891 0.83301
0.34629 0.66848 0.76216
0.41645 0.77998 0.63911
0.69887 0.41292 0.97925
0.43378 0.45231 0.33554
0.81014 0.15323 0.48282
0.30524 0.36269 0.91444
0.88268 0.87901 0.50733
0.43973 0.55327 0.20796
0.37314 0.07888 0.53983
0.12430 0.90681 0.86787
0.05458 0.90215 0.80447
0.73686 0.53000 0.49917
0.20511 0.58221 0.12029
0.59082 0.96046 0.67283
0.98126 0.41033 0.58421
0.43133 0.58342 0.32584
0.75448 0.81323 0.37843
0.96302 0.13719 0.30072
0.97610 0.91698 0.54555
0.47150 0.32669 0.98719
0.86887 0.07715 0.48996
0.82865 0.25099 0.61419
0.40755 0.64536 0.29130
0.13415 0.55509 0.69888
0.48692 0.08044 0.60046
0.63636 0.07125 0.80374
0.33797 0.47369 0.78754
0.12733 0.10102 0.53596
0.41832 0.18529 0.70222
0.90886 0.17055 0.88149
0.54789 0.38908 0.98361
0.61484 0.85023 0.79059
0.51830 0.14549 0.38698
0.06902 0.81812 0.15022
0.49046 0.18239 0.84636
0.41634 0.78466 0.90405
0.63612 0.58429 0.17242
0.84236 0.52229 0.24870
0.80490 0.21068 0.86193
0.41875 0.47916 0.27363
0.32390 0.49330 0.50183
0.72913 0.58277 0.48620
0.41045 0.14918 0.35118
0.69017 0.31449 0.08130
0.48285 0.41400 0.10927
0.58600 0.50266 0.77790
0.83891 0.87907 0.58616
0.47102 0.40681 0.80233
0.25108 0.30354 0.04342
0.76124 0.96875 0.87476
0.72050 0.43338 0.85632
0.20276 0.44764 0.13670
0.71944 0.28478 0.59937
0.13903 0.88038 0.34108
0.46407 0.91863 0.85345
0.79852 0.09653 0.02310
0.00888 0.62095 0.23172
0.55577 0.88480 0.86829
0.19456 0.97964 0.94117
0.30860 0.26103 0.76593
0.14183 0.08798 0.75012
0.15664 0.43935 0.29396
0.61549 0.11478 0.79222
0.40166 0.79747 0.52591
0.96278 0.41337 0.70836
0.26209 0.60719 0.17817
0.63842 0.89809 0.90789
0.87870 0.44687 0.97311
0.87957 0.71514 0.03523
0.50277 0.09610 0.35815
0.49897 0.06895 0.08015
0.02673 0.59592 0.14931
0.41155 0.63856 0.13673
0.84771 0.05791 0.02072
0.35707 0.61563 0.72411
0.30334 0.26866 0.05171
0.32457 0.60359 0.40991
0.96301 0.74021 0.83953
0.79091 0.68464 0.94763
0.12682 0.95121 0.89085
0.03651 0.22262 0.06270
0.82575 0.92949 0.37632
0.47017 0.96566 0.09084
0.93415 0.54711 0.42440
0.08931 0.12353 0.88834
0.18517 0.90138 0.95624
0.65882 0.17975 0.05186
0.10669 0.51726 0.18021
0.93574 0.87096 0.76321
0.98308 0.06480 0.08955
0.90220 0.43030 0.51795
0.16963 0.91675 0.02704
0.27704 0.23506 0.06000
0.47848 0.40989 0.46930
0.59537 0.37483 0.23814
0.48284 0.12307 0.65127
0.58983 0.76274 0.05115
0.14955 0.82317 0.80593
0.28127 0.76231 0.29928
0.37648 0.88266 0.14983
0.32369 0.80533 0.31749
0.46430 0.83301 0.67285
0.93974 0.03216 0.53640
0.55832 0.39098 0.51003
0.67946 0.57776 0.68297
0.71411 0.55777 0.26949
0.43163 0.98482 0.70195
0.06752 0.95778 0.11214
0.93529 0.48076 0.86768
0.92417 0.13561 0.70082
0.22602 0.23109 0.03939
0.60875 0.10295 0.73337
0.28058 0.15282 0.77753
0.02334 0.72861 0.23390
0.60574 0.29290 0.80278
0.83122 0.27133 0.72092
0.37371 0.05602 0.93765
0.11401 0.94167 0.68329
0.93101 0.70780 0.13170
0.43076 0.95904 0.39518
0.90806 0.61251 0.68560
0.57358 0.66595 0.61663
0.14274 0.17649 0.62196
0.44742 0.33266 0.19260
0.85896 0.14937 0.74244
0.42555 0.78646 0.45771
0.05096 0.80158 0.25291
0.44980 0.38755 0.81686
0.61472 0.52048 0.55528
0.10169 0.44805 0.16585
0.65242 0.36832 0.24957
0.96407 0.43225 0.43011
0.82621 0.62832 0.44470
0.21781 0.39718 0.51225
0.57894 0.81343 0.80199
0.72276 0.31787 0.69665
0.94038 0.88570 0.58070
0.83628 0.15867 0.97283
0.33807 0.76514 0.63759
0.96526 0.76591 0.79864
0.26343 0.58772 0.95202
0.74393 0.29736 0.42458
0.13576 0.35118 0.37943
0.34917 0.21059 0.49980
0.96021 0.56016 0.01864
0.00958 0.70547 0.20814
0.33226 0.10133 0.06648
0.15452 0.30647 0.10180
0.95892 0.77076 0.08541
0.86325 0.57994 0.02064
0.48192 0.08132 0.87366
0.29691 0.46868 0.17975
0.88263 0.18166 0.84387
0.42272 0.83974 0.52650
0.46878 0.22057 0.94059
0.04014 0.69429 0.90346
0.12787 0.25309 0.81188
0.34028 0.77632 0.57696
0.61450 0.95126 0.89197
0.36399 0.89094 0.37044
0.44180 0.16191 0.01678
0.98348 0.23765 0.21340
0.94809 0.28378 0.16097
0.29720 0.33077 0.62615
0.73235 0.76448 0.81481
0.61990 0.29666 0.75586
0.07621 0.77448 0.84366
0.44939 0.34157 0.95677
0.02622 0.97891 0.00726
0.24564 0.66669 0.66728
0.28100 0.90221 0.89294
0.04723 0.54559 0.52879
0.32809 0.95668 0.21940
0.49124 0.94120 0.88311
0.74683 0.57356 0.98359
0.03377 0.83996 0.15657
0.93464 0.85494 0.15812
0.46118 0.10263 0.70752
0.73138 0.55132 0.24911
0.92963 0.38264 0.01160
0.02289 0.11584 0.21503
0.75980 0.26449 0.03038
0.60622 0.19659 0.89810
0.35054 0.50298 0.66644
0.61278 0.09796 0.41467
0.51787 0.50562 0.49680
0.96091 0.59601 0.25390
0.24712 0.55304 0.46308
0.54913 0.97223 0.18089
0.92582 0.98449 0.71846
0.95947 0.16089 0.85224
0.71768 0.63401 0.54040
0.43949 0.96010 0.98650
0.43809 0.16265 0.44184
0.93722 0.77718 0.29128
0.42295 0.43443 0.34825
0.26610 0.62106 0.19144
0.09672 0.70797 0.48136
0.83463 0.96945 0.16575
0.01005 0.12032 0.74684
0.50152 0.55894 0.78749
0.75635 0.41921 0.69445
0.71976 0.75546 0.66204
0.29152 0.33633 0.49612
0.98515 0.20321 0.88064
0.59040 0.19724 0.41517
0.58219 0.70379 0.02833
0.43783 0.94779 0.60209
0.50913 0.97116 0.20345
0.75808 0.69266 0.14980
0.83603 0.66096 0.57268
0.96553 0.71484 0.97874
0.94675 0.89602 0.44266
0.62532 0.65274 0.45141
0.24935 0.28045 0.68347
0.79021 0.12273 0.22727
0.71437 0.50454 0.87650
0.75631 0.67129 0.57806
0.41799 0.67754 0.29712
0.40081 0.64620 0.61344
0.15341 0.66305 0.89004
0.08950 0.90135 0.19400
0.70816 0.32462 0.58085
0.24835 0.03713 0.73762
0.70962 0.50281 0.87288
0.62315 0.31630 0.06464
0.26719 0.19996 0.99450
0.51134 0.90818 0.78364
0.85486 0.55988 0.71555
0.16792 0.70758 0.51127
0.32775 0.14526 0.92281
0.07304 0.86382 0.37985
0.61689 0.01263 0.84005
0.15903 0.93507 0.75387
0.27238 0.13231 0.36387
0.30281 0.67977 0.45253
0.01622 0.03879 0.29725
0.53755 0.77749 0.47326
0.54659 0.67802 0.27614
0.75596 0.01820 0.18839
0.76976 0.14348 0.52603
0.98089 0.30497 0.09838
0.73234 0.31203 0.86184
0.95968 0.30596 0.72774
0.73987 0.08629 0.64270
0.85898 0.80972 0.91634
0.50587 0.82836 0.41023
0.16471 0.57028 0.73352
0.54558 0.01339 0.56816
0.45747 0.60410 0.02573
0.82255 0.85575 0.50659
0.79068 0.19989 0.45165
0.41134 0.80970 0.12351
0.08911 0.17177 0.17846
0.31988 0.88506 0.81157
0.03840 0.62142 0.94042
0.14858 0.61463 0.74202
0.08408 0.08841 0.55844
0.29264 0.37718 0.96681
0.85561 0.43608 0.02691
0.84742 0.15251 0.90434
0.45377 0.21768 0.78817
0.70817 0.14279 0.33675
0.05865 0.62279 0.05522
0.49763 0.93425 0.94901
0.86230 0.13007 0.57333
0.13586 0.76674 0.61588
0.01043 0.03889 0.25573
0.44211 0.09734 0.66723
0.73732 0.30139 0.11580
0.63378 0.42265 0.92089
0.34186 0.08117 0.14778
0.71774 0.03761 0.96529
0.59413 0.37316 0.54877
0.62395 0.52667 0.81186
0.36476 0.99092 0.50888
0.90814 0.58563 0.21372
0.59196 0.76024 0.16831
0.29859 0.83086 0.72632
0.18846 0.27738 0.72400
0.19716 0.42376 0.09128
0.10550 0.48128 0.13901
0.14199 0.80947 0.00423
0.05093 0.44916 0.11959
0.74472 0.08640 0.23760
0.25824 0.18590 0.30289
0.85253 0.08763 0.00486
0.43775 0.86188 0.91600
0.31857 0.91299 0.09388
0.46746 0.59653 0.07819
0.49115 0.07666 0.13397
0.66172 0.83421 0.46207
0.36464 0.68083 0.58726
0.70868 0.22058 0.81211
0.54264 0.18995 0.03971
0.74628 0.86814 0.65162
0.47324 0.97816 0.08055
0.41154 0.75747 0.97522
0.66165 0.91885 0.38882
0.82926 0.53012 0.57491
0.55108 0.31191 0.78431
0.60149 0.02869 0.81224
0.82361 0.54537 0.45773
0.91536 0.32177 0.01091
0.82926 0.97604 0.51824
0.81033 0.03070 0.39004
0.71375 0.71573 0.29958
0.18144 0.90760 0.83385
0.84699 -0.30800 0.15787
0.68268 0.21081 0.97838
0.22037 0.05389 0.43996
0.07081 0.80019 0.67491
0.58089 0.36172 0.15485
0.98938 0.36409 0.63232
0.82370 0.85292 0.74227
0.31182 0.01909 0.13245
0.29444 0.30803 0.13261
0.21541 0.87921 0.56792
0.84309 0.28865 0.09287
0.81145 0.58696 0.66628
0.97071 0.92010 0.48810
0.97493 0.27526 0.20960
0.50754 0.92573 0.36035
0.66312 0.37120 0.13805
0.79096 0.19137 0.43216
0.57311 0.41276 0.84713
0.84479 0.45203 0.17950
0.60257 0.30928 0.73956
0.30557 0.55761 0.27039
0.00971 0.59024 0.21449
0.45725 0.81456 0.09723
0.17546 0.92056 0.02574
0.51488 0.96770 0.25494
0.26136 0.44892 0.30054
0.35200 0.24765 0.63242
0.63337 0.31847 0.55130
0.97888 0.94362 0.98887
0.77414 0.71834 0.49751
0.15588 0.13461 0.77625
0.21260 0.14057 0.00795
0.57204 0.40694 0.20900
0.60456 0.02718 0.65987
0.57459 0.52121 0.07296
0.82145 0.67550 0.37586
0.11963 0.73200 0.66489
0.77964 0.53426 0.71988
0.32649 0.67025 0.19283
0.12840 0.59342 0.69509
0.88474 0.28025 0.69106
-0.00422 0.61817 0.17105
0.71755 0.26359 0.51902
0.61020 0.70231 0.48516
0.92928 0.14936 0.17043
0.02245 0.28470 0.90286
0.11285 0.53878 0.80807
0.38999 0.01209 0.48345
0.64634 0.81479 0.78283
0.03849 0.60964 0.83342
0.15397 0.09540 0.61164
0.39643 0.75208 0.30016
0.15593 0.85344 0.11773
0.60617 0.02593 0.48484
0.69801 0.54189 0.94885
0.95267 0.51915 0.57141
0.70801 0.89051 0.01391
0.51397 0.82214 0.54263
0.29847 0.16327 0.98331
0.53832 0.48903 0.62025
0.04754 0.53991 0.01473
0.05464 0.13425 0.35626
0.09784 0.43123 0.56221
0.58456 0.77000 0.97448
0.99283 0.56872 0.11547
0.76043 0.71312 0.60976
0.57735 0.44432 0.07827
0.40151 0.54000 0.82340
0.38845 0.28979 0.08986
0.52424 0.68631 0.97535
0.31484 0.13225 0.44232
0.18460 0.27252 0.24436
0.59033 0.16916 0.13645
0.58664 0.36870 0.47710
0.16874 0.82529 0.92141
0.31572 0.68378 0.46474
0.31642 0.85155 0.95682
0.78253 0.07818 0.20224
